[debug] [2021-01-04T16:29:08.617Z] ----------------------------------------------------------------------
[debug] [2021-01-04T16:29:08.619Z] Command:       /home/premnath/.nvm/versions/node/v15.3.0/bin/node /home/premnath/.nvm/versions/node/v15.3.0/bin/firebase deploy --only hosting:premnath-2000
[debug] [2021-01-04T16:29:08.619Z] CLI Version:   9.1.0
[debug] [2021-01-04T16:29:08.619Z] Platform:      linux
[debug] [2021-01-04T16:29:08.619Z] Node Version:  v15.3.0
[debug] [2021-01-04T16:29:08.620Z] Time:          Mon Jan 04 2021 21:59:08 GMT+0530 (India Standard Time)
[debug] [2021-01-04T16:29:08.620Z] ----------------------------------------------------------------------
[debug] [2021-01-04T16:29:08.620Z] 
[debug] [2021-01-04T16:29:08.625Z] > command requires scopes: ["email","openid","https://www.googleapis.com/auth/cloudplatformprojects.readonly","https://www.googleapis.com/auth/firebase","https://www.googleapis.com/auth/cloud-platform"]
[debug] [2021-01-04T16:29:08.625Z] > authorizing via signed-in user
[debug] [2021-01-04T16:29:08.625Z] [iam] checking project premnath-2000 for permissions ["firebase.projects.get","firebasehosting.sites.update"]
[debug] [2021-01-04T16:29:08.628Z] >>> HTTP REQUEST POST https://cloudresourcemanager.googleapis.com/v1/projects/premnath-2000:testIamPermissions  
 {"permissions":["firebase.projects.get","firebasehosting.sites.update"]}
[debug] [2021-01-04T16:29:31.208Z] [iam] error while checking permissions, command may fail: FirebaseError: Server Error. read ECONNRESET
[debug] [2021-01-04T16:29:31.211Z] >>> HTTP REQUEST GET https://firebase.googleapis.com/v1beta1/projects/premnath-2000  
 
[debug] [2021-01-04T16:29:41.226Z] Server Error. getaddrinfo ENOTFOUND firebase.googleapis.com
[debug] [2021-01-04T16:33:04.672Z] FirebaseError: Server Error. getaddrinfo ENOTFOUND firebase.googleapis.com
    at Request._callback (/home/premnath/.nvm/versions/node/v15.3.0/lib/node_modules/firebase-tools/lib/api.js:32:31)
    at self.callback (/home/premnath/.nvm/versions/node/v15.3.0/lib/node_modules/firebase-tools/node_modules/request/request.js:185:22)
    at Request.emit (node:events:376:20)
    at Request.EventEmitter.emit (node:domain:470:12)
    at Request.onRequestError (/home/premnath/.nvm/versions/node/v15.3.0/lib/node_modules/firebase-tools/node_modules/request/request.js:877:8)
    at ClientRequest.emit (node:events:388:22)
    at ClientRequest.EventEmitter.emit (node:domain:470:12)
    at TLSSocket.socketErrorListener (node:_http_client:490:9)
    at TLSSocket.emit (node:events:376:20)
    at TLSSocket.EventEmitter.emit (node:domain:470:12)
    at emitErrorNT (node:internal/streams/destroy:188:8)
    at emitErrorCloseNT (node:internal/streams/destroy:153:3)
    at processTicksAndRejections (node:internal/process/task_queues:80:21)
[error] 
[error] Error: Failed to get Firebase project premnath-2000. Please make sure the project exists and your account has permission to access it.
